{
  "0 debug pnpm:scope": {
    "selected": 1,
    "workspacePrefix": "/Users/zewen/github/codehub"
  },
  "1 info pnpm": {
    "err": {
      "name": "Error",
      "message": "not found: cache",
      "code": "ENOENT",
      "stack": "Error: not found: cache\n    at getNotFoundError (/usr/local/lib/node_modules/pnpm/dist/pnpm.cjs:41517:51)\n    at Function.whichSync [as sync] (/usr/local/lib/node_modules/pnpm/dist/pnpm.cjs:41594:13)\n    at getCommandAbsolutePathSync (/usr/local/lib/node_modules/pnpm/dist/pnpm.cjs:43159:44)\n    at default_1 (/usr/local/lib/node_modules/pnpm/dist/pnpm.cjs:43168:32)\n    at /usr/local/lib/node_modules/pnpm/dist/pnpm.cjs:171981:39"
    }
  },
  "2 error pnpm": {
    "code": "ERR_PNPM_RECURSIVE_EXEC_FIRST_FAIL",
    "prefix": "/Users/zewen/github/codehub",
    "err": {
      "name": "pnpm",
      "message": "not found: cache",
      "code": "ERR_PNPM_RECURSIVE_EXEC_FIRST_FAIL",
      "stack": "Error: not found: cache\n    at getNotFoundError (/usr/local/lib/node_modules/pnpm/dist/pnpm.cjs:41517:51)\n    at Function.whichSync [as sync] (/usr/local/lib/node_modules/pnpm/dist/pnpm.cjs:41594:13)\n    at getCommandAbsolutePathSync (/usr/local/lib/node_modules/pnpm/dist/pnpm.cjs:43159:44)\n    at default_1 (/usr/local/lib/node_modules/pnpm/dist/pnpm.cjs:43168:32)\n    at /usr/local/lib/node_modules/pnpm/dist/pnpm.cjs:171981:39"
    }
  }
}